Using pre-set license
Built from '2020.3/staging' branch; Version is '2020.3.16f1 (049d6eca3c44) revision 302446'; Using compiler version '192528614'; Build Type 'Release'
OS: 'Windows 10 Education; OS build 18363.2037; Version 1909; 64bit' Language: 'en' Physical Memory: 16313 MB
BatchMode: 1, IsHumanControllingUs: 0, StartBugReporterOnCrash: 0, Is64bit: 1, IsPro: 0

 COMMAND LINE ARGUMENTS:
C:\Program Files\Unity\Editor\Unity.exe
-adb2
-batchMode
-noUpm
-name
AssetImportWorker0
-projectPath
C:/Users/nrmer/My project (2)
-logFile
Logs/AssetImportWorker0.log
-srvPort
61916
Successfully changed project path to: C:/Users/nrmer/My project (2)
C:/Users/nrmer/My project (2)
Using Asset Import Pipeline V2.
Refreshing native plugins compatible for Editor in 36.84 ms, found 3 plugins.
Preloading 0 native plugins for Editor in 0.00 ms.
Initialize engine version: 2020.3.16f1 (049d6eca3c44)
[Subsystems] Discovering subsystems at path C:/Program Files/Unity/Editor/Data/Resources/UnitySubsystems
[Subsystems] Discovering subsystems at path C:/Users/nrmer/My project (2)/Assets
GfxDevice: creating device client; threaded=0
Direct3D:
    Version:  Direct3D 11.0 [level 11.1]
    Renderer: NVIDIA GeForce RTX 2080 (ID=0x1e87)
    Vendor:   
    VRAM:     8010 MB
    Driver:   30.0.15.1165
Initialize mono
Mono path[0] = 'C:/Program Files/Unity/Editor/Data/Managed'
Mono path[1] = 'C:/Program Files/Unity/Editor/Data/MonoBleedingEdge/lib/mono/unityjit'
Mono config path = 'C:/Program Files/Unity/Editor/Data/MonoBleedingEdge/etc'
Using monoOptions --debugger-agent=transport=dt_socket,embedding=1,server=y,suspend=n,address=127.0.0.1:56360
Begin MonoManager ReloadAssembly
Registering precompiled unity dll's ...
Register platform support module: C:/Program Files/Unity/Editor/Data/PlaybackEngines/WindowsStandaloneSupport/UnityEditor.WindowsStandalone.Extensions.dll
Registered in 0.001918 seconds.
Native extension for WindowsStandalone target not found
Refreshing native plugins compatible for Editor in 37.02 ms, found 3 plugins.
Preloading 0 native plugins for Editor in 0.00 ms.
Mono: successfully reloaded assembly
- Completed reload, in  0.893 seconds
Domain Reload Profiling:
	ReloadAssembly (893ms)
		BeginReloadAssembly (44ms)
			ExecutionOrderSort (0ms)
			DisableScriptedObjects (0ms)
			BackupInstance (0ms)
			ReleaseScriptingObjects (0ms)
			CreateAndSetChildDomain (1ms)
		EndReloadAssembly (393ms)
			LoadAssemblies (41ms)
			RebuildTransferFunctionScriptingTraits (0ms)
			SetupTypeCache (121ms)
			ReleaseScriptCaches (0ms)
			RebuildScriptCaches (25ms)
			SetupLoadedEditorAssemblies (189ms)
				LogAssemblyErrors (0ms)
				InitializePlatformSupportModulesInManaged (3ms)
				SetLoadedEditorAssemblies (0ms)
				RefreshPlugins (37ms)
				BeforeProcessingInitializeOnLoad (11ms)
				ProcessInitializeOnLoadAttributes (69ms)
				ProcessInitializeOnLoadMethodAttributes (69ms)
				AfterProcessingInitializeOnLoad (0ms)
				EditorAssembliesLoaded (0ms)
			ExecutionOrderSort2 (0ms)
			AwakeInstancesAfterBackupRestoration (0ms)
Platform modules already initialized, skipping
Registering precompiled user dll's ...
Registered in 0.004043 seconds.
Begin MonoManager ReloadAssembly
Native extension for WindowsStandalone target not found
Refreshing native plugins compatible for Editor in 35.56 ms, found 3 plugins.
Preloading 0 native plugins for Editor in 0.00 ms.
Mono: successfully reloaded assembly
- Completed reload, in  0.960 seconds
Domain Reload Profiling:
	ReloadAssembly (961ms)
		BeginReloadAssembly (117ms)
			ExecutionOrderSort (0ms)
			DisableScriptedObjects (4ms)
			BackupInstance (0ms)
			ReleaseScriptingObjects (0ms)
			CreateAndSetChildDomain (15ms)
		EndReloadAssembly (788ms)
			LoadAssemblies (71ms)
			RebuildTransferFunctionScriptingTraits (0ms)
			SetupTypeCache (234ms)
			ReleaseScriptCaches (1ms)
			RebuildScriptCaches (40ms)
			SetupLoadedEditorAssemblies (341ms)
				LogAssemblyErrors (0ms)
				InitializePlatformSupportModulesInManaged (3ms)
				SetLoadedEditorAssemblies (0ms)
				RefreshPlugins (36ms)
				BeforeProcessingInitializeOnLoad (63ms)
				ProcessInitializeOnLoadAttributes (222ms)
				ProcessInitializeOnLoadMethodAttributes (10ms)
				AfterProcessingInitializeOnLoad (6ms)
				EditorAssembliesLoaded (0ms)
			ExecutionOrderSort2 (0ms)
			AwakeInstancesAfterBackupRestoration (5ms)
Platform modules already initialized, skipping
========================================================================
Worker process is ready to serve import requests
Launched and connected shader compiler UnityShaderCompiler.exe after 0.06 seconds
Refreshing native plugins compatible for Editor in 0.49 ms, found 3 plugins.
Preloading 0 native plugins for Editor in 0.00 ms.
Unloading 2092 Unused Serialized files (Serialized files now loaded: 0)
System memory in use before: 93.1 MB.
System memory in use after: 93.2 MB.

Unloading 28 unused Assets to reduce memory usage. Loaded Objects now: 2529.
Total: 2.938300 ms (FindLiveObjects: 0.190500 ms CreateObjectMapping: 0.042900 ms MarkObjects: 2.643500 ms  DeleteObjects: 0.060500 ms)

AssetImportParameters requested are different than current active one (requested -> active):
  custom:framework-win-MediaFoundation: 216162199b28c13a410421893ffa2e32 -> 
  custom:video-decoder-ogg-theora: a1e56fd34408186e4bbccfd4996cb3dc -> 
  custom:container-muxer-webm: aa71ff27fc2769a1b78a27578f13a17b -> 
  custom:container-demuxer-webm: 4f35f7cbe854078d1ac9338744f61a02 -> 
  custom:container-demuxer-ogg: 62fdf1f143b41e24485cea50d1cbac27 -> 
  custom:video-encoder-webm-vp8: eb34c28f22e8b96e1ab97ce403110664 -> 
  custom:video-decoder-webm-vp8: 9c59270c3fd7afecdb556c50c9e8de78 -> 
  custom:audio-decoder-ogg-vorbis: bf7c407c2cedff20999df2af8eb42d56 -> 
  custom:audio-encoder-webm-vorbis: bf7c407c2cedff20999df2af8eb42d56 -> 
========================================================================
Received Import Request.
  path: Assets
  artifactKey: Guid(00000000000000001000000000000000) Importer(815301076,1909f56bfc062723c751e8b465ee728b)
Start importing Assets using Guid(00000000000000001000000000000000) Importer(815301076,1909f56bfc062723c751e8b465ee728b)  -> (artifact id: '42d402b061de3733987d63b9cc3b64de') in 0.007431 seconds 
  Import took 0.010095 seconds .

========================================================================
Received Import Request.
  Time since last request: 19.660218 seconds.
  path: Assets/New Folder
  artifactKey: Guid(e4e9a1c1e5779164cae28c912858d8a4) Importer(815301076,1909f56bfc062723c751e8b465ee728b)
Start importing Assets/New Folder using Guid(e4e9a1c1e5779164cae28c912858d8a4) Importer(815301076,1909f56bfc062723c751e8b465ee728b)  -> (artifact id: '6f6a24b76473c7e11dcb609b428bf6f2') in 0.007311 seconds 
  Import took 0.010217 seconds .

========================================================================
Received Import Request.
  Time since last request: 7.768223 seconds.
  path: Assets/CatController.cs
  artifactKey: Guid(36bccad128a914a429a579c60c6bf0d2) Importer(815301076,1909f56bfc062723c751e8b465ee728b)
Start importing Assets/CatController.cs using Guid(36bccad128a914a429a579c60c6bf0d2) Importer(815301076,1909f56bfc062723c751e8b465ee728b)  -> (artifact id: '88ca31cf9067ab8783463fa42e2d5060') in 0.024854 seconds 
  Import took 0.028622 seconds .

========================================================================
Received Prepare
Registering precompiled user dll's ...
Registered in 0.004189 seconds.
Begin MonoManager ReloadAssembly
Native extension for WindowsStandalone target not found
Refreshing native plugins compatible for Editor in 0.50 ms, found 3 plugins.
Preloading 0 native plugins for Editor in 0.00 ms.
Mono: successfully reloaded assembly
- Completed reload, in  0.909 seconds
Domain Reload Profiling:
	ReloadAssembly (910ms)
		BeginReloadAssembly (94ms)
			ExecutionOrderSort (0ms)
			DisableScriptedObjects (5ms)
			BackupInstance (0ms)
			ReleaseScriptingObjects (0ms)
			CreateAndSetChildDomain (31ms)
		EndReloadAssembly (755ms)
			LoadAssemblies (72ms)
			RebuildTransferFunctionScriptingTraits (0ms)
			SetupTypeCache (249ms)
			ReleaseScriptCaches (1ms)
			RebuildScriptCaches (36ms)
			SetupLoadedEditorAssemblies (309ms)
				LogAssemblyErrors (0ms)
				InitializePlatformSupportModulesInManaged (4ms)
				SetLoadedEditorAssemblies (0ms)
				RefreshPlugins (1ms)
				BeforeProcessingInitializeOnLoad (79ms)
				ProcessInitializeOnLoadAttributes (214ms)
				ProcessInitializeOnLoadMethodAttributes (5ms)
				AfterProcessingInitializeOnLoad (6ms)
				EditorAssembliesLoaded (0ms)
			ExecutionOrderSort2 (0ms)
			AwakeInstancesAfterBackupRestoration (9ms)
Platform modules already initialized, skipping
Refreshing native plugins compatible for Editor in 0.41 ms, found 3 plugins.
Preloading 0 native plugins for Editor in 0.00 ms.
Unloading 2082 Unused Serialized files (Serialized files now loaded: 0)
System memory in use before: 92.5 MB.
System memory in use after: 92.7 MB.

Unloading 16 unused Assets to reduce memory usage. Loaded Objects now: 2532.
Total: 2.731000 ms (FindLiveObjects: 0.234800 ms CreateObjectMapping: 0.050700 ms MarkObjects: 2.430200 ms  DeleteObjects: 0.014400 ms)

AssetImportParameters requested are different than current active one (requested -> active):
  custom:framework-win-MediaFoundation: 216162199b28c13a410421893ffa2e32 -> 
  custom:video-decoder-ogg-theora: a1e56fd34408186e4bbccfd4996cb3dc -> 
  custom:container-muxer-webm: aa71ff27fc2769a1b78a27578f13a17b -> 
  custom:container-demuxer-webm: 4f35f7cbe854078d1ac9338744f61a02 -> 
  custom:container-demuxer-ogg: 62fdf1f143b41e24485cea50d1cbac27 -> 
  custom:video-encoder-webm-vp8: eb34c28f22e8b96e1ab97ce403110664 -> 
  custom:video-decoder-webm-vp8: 9c59270c3fd7afecdb556c50c9e8de78 -> 
  custom:audio-decoder-ogg-vorbis: bf7c407c2cedff20999df2af8eb42d56 -> 
  custom:audio-encoder-webm-vorbis: bf7c407c2cedff20999df2af8eb42d56 -> 
========================================================================
Received Import Request.
  Time since last request: 8.193581 seconds.
  path: Assets/Animations
  artifactKey: Guid(e4e9a1c1e5779164cae28c912858d8a4) Importer(815301076,1909f56bfc062723c751e8b465ee728b)
Start importing Assets/Animations using Guid(e4e9a1c1e5779164cae28c912858d8a4) Importer(815301076,1909f56bfc062723c751e8b465ee728b)  -> (artifact id: '806aadb554cd7fd4006bace51c8e7aa6') in 0.008266 seconds 
  Import took 0.011174 seconds .

========================================================================
Received Import Request.
  Time since last request: 8.890243 seconds.
  path: Assets/Scripts
  artifactKey: Guid(b82d5d20e30053d4f871976f2aabe6cc) Importer(815301076,1909f56bfc062723c751e8b465ee728b)
Start importing Assets/Scripts using Guid(b82d5d20e30053d4f871976f2aabe6cc) Importer(815301076,1909f56bfc062723c751e8b465ee728b)  -> (artifact id: '3ea240aa8972402b4511fda5a3575f05') in 0.004752 seconds 
  Import took 0.007599 seconds .

========================================================================
Received Import Request.
  Time since last request: 6.069745 seconds.
  path: Assets/Sounds
  artifactKey: Guid(ebe1ba248d947f0438d87fce08144ea0) Importer(815301076,1909f56bfc062723c751e8b465ee728b)
Start importing Assets/Sounds using Guid(ebe1ba248d947f0438d87fce08144ea0) Importer(815301076,1909f56bfc062723c751e8b465ee728b)  -> (artifact id: '57cdc190b0eb87f254fd07c62bc09b03') in 0.004942 seconds 
  Import took 0.008139 seconds .

========================================================================
Received Import Request.
  Time since last request: 4.809576 seconds.
  path: Assets/Sprites
  artifactKey: Guid(e7851ca2662d5634c96c9cb56d42c2aa) Importer(815301076,1909f56bfc062723c751e8b465ee728b)
Start importing Assets/Sprites using Guid(e7851ca2662d5634c96c9cb56d42c2aa) Importer(815301076,1909f56bfc062723c751e8b465ee728b)  -> (artifact id: 'b1859cd1d28daaae3d859ef64ff1e2bc') in 0.005421 seconds 
  Import took 0.008370 seconds .

========================================================================
Received Prepare
Registering precompiled user dll's ...
Registered in 0.003759 seconds.
Begin MonoManager ReloadAssembly
Native extension for WindowsStandalone target not found
Refreshing native plugins compatible for Editor in 0.42 ms, found 3 plugins.
Preloading 0 native plugins for Editor in 0.00 ms.
Mono: successfully reloaded assembly
- Completed reload, in  0.881 seconds
Domain Reload Profiling:
	ReloadAssembly (881ms)
		BeginReloadAssembly (91ms)
			ExecutionOrderSort (0ms)
			DisableScriptedObjects (5ms)
			BackupInstance (0ms)
			ReleaseScriptingObjects (0ms)
			CreateAndSetChildDomain (29ms)
		EndReloadAssembly (730ms)
			LoadAssemblies (72ms)
			RebuildTransferFunctionScriptingTraits (0ms)
			SetupTypeCache (233ms)
			ReleaseScriptCaches (1ms)
			RebuildScriptCaches (38ms)
			SetupLoadedEditorAssemblies (300ms)
				LogAssemblyErrors (0ms)
				InitializePlatformSupportModulesInManaged (4ms)
				SetLoadedEditorAssemblies (0ms)
				RefreshPlugins (0ms)
				BeforeProcessingInitializeOnLoad (75ms)
				ProcessInitializeOnLoadAttributes (209ms)
				ProcessInitializeOnLoadMethodAttributes (5ms)
				AfterProcessingInitializeOnLoad (6ms)
				EditorAssembliesLoaded (0ms)
			ExecutionOrderSort2 (0ms)
			AwakeInstancesAfterBackupRestoration (9ms)
Platform modules already initialized, skipping
Refreshing native plugins compatible for Editor in 0.40 ms, found 3 plugins.
Preloading 0 native plugins for Editor in 0.00 ms.
Unloading 2082 Unused Serialized files (Serialized files now loaded: 0)
System memory in use before: 92.6 MB.
System memory in use after: 92.7 MB.

Unloading 16 unused Assets to reduce memory usage. Loaded Objects now: 2535.
Total: 3.221800 ms (FindLiveObjects: 0.271300 ms CreateObjectMapping: 0.048200 ms MarkObjects: 2.883100 ms  DeleteObjects: 0.017600 ms)

AssetImportParameters requested are different than current active one (requested -> active):
  custom:framework-win-MediaFoundation: 216162199b28c13a410421893ffa2e32 -> 
  custom:video-decoder-ogg-theora: a1e56fd34408186e4bbccfd4996cb3dc -> 
  custom:container-muxer-webm: aa71ff27fc2769a1b78a27578f13a17b -> 
  custom:container-demuxer-webm: 4f35f7cbe854078d1ac9338744f61a02 -> 
  custom:container-demuxer-ogg: 62fdf1f143b41e24485cea50d1cbac27 -> 
  custom:video-encoder-webm-vp8: eb34c28f22e8b96e1ab97ce403110664 -> 
  custom:video-decoder-webm-vp8: 9c59270c3fd7afecdb556c50c9e8de78 -> 
  custom:audio-decoder-ogg-vorbis: bf7c407c2cedff20999df2af8eb42d56 -> 
  custom:audio-encoder-webm-vorbis: bf7c407c2cedff20999df2af8eb42d56 -> 
========================================================================
Received Import Request.
  Time since last request: 72.892573 seconds.
  path: Assets/Sprites/Dead (1).png
  artifactKey: Guid(06ab41dc7b5e8fa43933bd7b6ccf89d8) Importer(815301076,1909f56bfc062723c751e8b465ee728b)
Start importing Assets/Sprites/Dead (1).png using Guid(06ab41dc7b5e8fa43933bd7b6ccf89d8) Importer(815301076,1909f56bfc062723c751e8b465ee728b)  -> (artifact id: '573cee89f201261087bf8729d1b6e666') in 0.107289 seconds 
  Import took 0.110333 seconds .

========================================================================
Received Import Request.
  Time since last request: 0.000134 seconds.
  path: Assets/Sprites/Dead (4).png
  artifactKey: Guid(9196318c9da0357418001c6f0f8d75d8) Importer(815301076,1909f56bfc062723c751e8b465ee728b)
Start importing Assets/Sprites/Dead (4).png using Guid(9196318c9da0357418001c6f0f8d75d8) Importer(815301076,1909f56bfc062723c751e8b465ee728b)  -> (artifact id: '283186e58a3a85ef9370cec8c241d748') in 0.016205 seconds 
  Import took 0.018921 seconds .

========================================================================
Received Import Request.
  Time since last request: 0.000147 seconds.
  path: Assets/Sprites/Fall (3).png
  artifactKey: Guid(83d743a60f2d3514183d789240c4961b) Importer(815301076,1909f56bfc062723c751e8b465ee728b)
Start importing Assets/Sprites/Fall (3).png using Guid(83d743a60f2d3514183d789240c4961b) Importer(815301076,1909f56bfc062723c751e8b465ee728b)  -> (artifact id: '2a1e0f49ef43cf0f635d5a2b87648eda') in 0.016924 seconds 
  Import took 0.019832 seconds .

========================================================================
Received Import Request.
  Time since last request: 0.000116 seconds.
  path: Assets/Sprites/Jump (8).png
  artifactKey: Guid(2d5dce413a650cd4287d73465cc514c4) Importer(815301076,1909f56bfc062723c751e8b465ee728b)
Start importing Assets/Sprites/Jump (8).png using Guid(2d5dce413a650cd4287d73465cc514c4) Importer(815301076,1909f56bfc062723c751e8b465ee728b)  -> (artifact id: 'ffbb291e813a108ad920b4f15be5665c') in 0.010917 seconds 
  Import took 0.013608 seconds .

========================================================================
Received Import Request.
  Time since last request: 0.000122 seconds.
  path: Assets/Sprites/Dead (8).png
  artifactKey: Guid(a54d032a0ef5a934f85813007ac58f7d) Importer(815301076,1909f56bfc062723c751e8b465ee728b)
Start importing Assets/Sprites/Dead (8).png using Guid(a54d032a0ef5a934f85813007ac58f7d) Importer(815301076,1909f56bfc062723c751e8b465ee728b)  -> (artifact id: '3cb99ad7c2bb29d5fcf7bbf809386869') in 0.011769 seconds 
  Import took 0.014518 seconds .

========================================================================
Received Import Request.
  Time since last request: 0.000177 seconds.
  path: Assets/Sprites/Hurt (8).png
  artifactKey: Guid(3bd928557afb1df4f884692d18580a18) Importer(815301076,1909f56bfc062723c751e8b465ee728b)
Start importing Assets/Sprites/Hurt (8).png using Guid(3bd928557afb1df4f884692d18580a18) Importer(815301076,1909f56bfc062723c751e8b465ee728b)  -> (artifact id: '4124814a46cefc005387e0888bac112d') in 0.011278 seconds 
  Import took 0.014186 seconds .

========================================================================
Received Import Request.
  Time since last request: 0.000149 seconds.
  path: Assets/Sprites/Run (3).png
  artifactKey: Guid(cdada975bbd0c0e4e9c2872286c5747f) Importer(815301076,1909f56bfc062723c751e8b465ee728b)
Start importing Assets/Sprites/Run (3).png using Guid(cdada975bbd0c0e4e9c2872286c5747f) Importer(815301076,1909f56bfc062723c751e8b465ee728b)  -> (artifact id: 'e9623a0c1835e1c4e8b7ee32f3c0e224') in 0.010363 seconds 
  Import took 0.012939 seconds .

========================================================================
Received Import Request.
  Time since last request: 0.000118 seconds.
  path: Assets/Sprites/Fall (1).png
  artifactKey: Guid(0930fcb8259309140b2a9a7f2cfd5b7c) Importer(815301076,1909f56bfc062723c751e8b465ee728b)
Start importing Assets/Sprites/Fall (1).png using Guid(0930fcb8259309140b2a9a7f2cfd5b7c) Importer(815301076,1909f56bfc062723c751e8b465ee728b)  -> (artifact id: 'bc596567eeed507919ddc8c26027338e') in 0.013354 seconds 
  Import took 0.016358 seconds .

========================================================================
Received Import Request.
  Time since last request: 0.000174 seconds.
  path: Assets/Sprites/Fall (6).png
  artifactKey: Guid(e2bdaae43f39b8c4ca0dc2f073ae80e1) Importer(815301076,1909f56bfc062723c751e8b465ee728b)
Start importing Assets/Sprites/Fall (6).png using Guid(e2bdaae43f39b8c4ca0dc2f073ae80e1) Importer(815301076,1909f56bfc062723c751e8b465ee728b)  -> (artifact id: 'cafeccda051364c5c8baf618578cd56e') in 0.010469 seconds 
  Import took 0.013322 seconds .

========================================================================
Received Import Request.
  Time since last request: 0.000154 seconds.
  path: Assets/Sprites/Jump (6).png
  artifactKey: Guid(f6a342757ffde1f4580a4bf8dca240c7) Importer(815301076,1909f56bfc062723c751e8b465ee728b)
Start importing Assets/Sprites/Jump (6).png using Guid(f6a342757ffde1f4580a4bf8dca240c7) Importer(815301076,1909f56bfc062723c751e8b465ee728b)  -> (artifact id: 'd67ca509a2a623c096dc7d2441fa4621') in 0.011697 seconds 
  Import took 0.014649 seconds .

========================================================================
Received Import Request.
  Time since last request: 0.000176 seconds.
  path: Assets/Sprites/Dead (9).png
  artifactKey: Guid(2690aebf093cff540b3f1d54caeee685) Importer(815301076,1909f56bfc062723c751e8b465ee728b)
Start importing Assets/Sprites/Dead (9).png using Guid(2690aebf093cff540b3f1d54caeee685) Importer(815301076,1909f56bfc062723c751e8b465ee728b)  -> (artifact id: 'cf184971aaa1212863a7675f200f1feb') in 0.012897 seconds 
  Import took 0.015813 seconds .

========================================================================
Received Import Request.
  Time since last request: 0.000145 seconds.
  path: Assets/Sprites/Idle (1).png
  artifactKey: Guid(070ec5a2eb56bcb4984ad77b4a59326c) Importer(815301076,1909f56bfc062723c751e8b465ee728b)
Start importing Assets/Sprites/Idle (1).png using Guid(070ec5a2eb56bcb4984ad77b4a59326c) Importer(815301076,1909f56bfc062723c751e8b465ee728b)  -> (artifact id: '7af9eb725f9e8a0f9cf7f768ee53ca6a') in 0.012121 seconds 
  Import took 0.014771 seconds .

========================================================================
Received Import Request.
  Time since last request: 0.000158 seconds.
  path: Assets/Sprites/Dead (6).png
  artifactKey: Guid(e018cb813480fc640971f7ea307c4af4) Importer(815301076,1909f56bfc062723c751e8b465ee728b)
Start importing Assets/Sprites/Dead (6).png using Guid(e018cb813480fc640971f7ea307c4af4) Importer(815301076,1909f56bfc062723c751e8b465ee728b)  -> (artifact id: 'a37492745839ed7fef07d0ffda3231db') in 0.011501 seconds 
  Import took 0.014032 seconds .

========================================================================
Received Import Request.
  Time since last request: 0.000130 seconds.
  path: Assets/Sprites/Fall (7).png
  artifactKey: Guid(f54599860f1260541bbb3306a634ea91) Importer(815301076,1909f56bfc062723c751e8b465ee728b)
Start importing Assets/Sprites/Fall (7).png using Guid(f54599860f1260541bbb3306a634ea91) Importer(815301076,1909f56bfc062723c751e8b465ee728b)  -> (artifact id: 'd8f007c0546aa986b1bffe55fe26dada') in 0.012797 seconds 
  Import took 0.015451 seconds .

========================================================================
Received Import Request.
  Time since last request: 0.000179 seconds.
  path: Assets/Sprites/Idle (9).png
  artifactKey: Guid(e9c218094cec2f8428291e001fb148ce) Importer(815301076,1909f56bfc062723c751e8b465ee728b)
Start importing Assets/Sprites/Idle (9).png using Guid(e9c218094cec2f8428291e001fb148ce) Importer(815301076,1909f56bfc062723c751e8b465ee728b)  -> (artifact id: '45dc0c885d2b1b10c660b9c4cf8bf5b4') in 0.012012 seconds 
  Import took 0.015078 seconds .

========================================================================
Received Import Request.
  Time since last request: 0.000133 seconds.
  path: Assets/Sprites/Dead (2).png
  artifactKey: Guid(bff7de44c45818949a7f10f68b2ff8f0) Importer(815301076,1909f56bfc062723c751e8b465ee728b)
Start importing Assets/Sprites/Dead (2).png using Guid(bff7de44c45818949a7f10f68b2ff8f0) Importer(815301076,1909f56bfc062723c751e8b465ee728b)  -> (artifact id: '21e22c143bc5d9a24afe373a6c5af281') in 0.014359 seconds 
  Import took 0.016910 seconds .

========================================================================
Received Import Request.
  Time since last request: 0.000132 seconds.
  path: Assets/Sprites/Fall (2).png
  artifactKey: Guid(4f6971c14b5f725428ec3b8af426b478) Importer(815301076,1909f56bfc062723c751e8b465ee728b)
Start importing Assets/Sprites/Fall (2).png using Guid(4f6971c14b5f725428ec3b8af426b478) Importer(815301076,1909f56bfc062723c751e8b465ee728b)  -> (artifact id: 'c879ce67d5c86cc13574bf21b6b03dab') in 0.010714 seconds 
  Import took 0.013240 seconds .

========================================================================
Received Import Request.
  Time since last request: 0.000132 seconds.
  path: Assets/Sprites/Hurt (5).png
  artifactKey: Guid(16abc5a51f6bad4498a3da09ee4a3562) Importer(815301076,1909f56bfc062723c751e8b465ee728b)
Start importing Assets/Sprites/Hurt (5).png using Guid(16abc5a51f6bad4498a3da09ee4a3562) Importer(815301076,1909f56bfc062723c751e8b465ee728b)  -> (artifact id: 'f954123229a80111647fcea6e05450c7') in 0.012097 seconds 
  Import took 0.014761 seconds .

========================================================================
Received Import Request.
  Time since last request: 0.000141 seconds.
  path: Assets/Sprites/Dead (3).png
  artifactKey: Guid(bf5857eff55dff24c9d4252ac455c18e) Importer(815301076,1909f56bfc062723c751e8b465ee728b)
Start importing Assets/Sprites/Dead (3).png using Guid(bf5857eff55dff24c9d4252ac455c18e) Importer(815301076,1909f56bfc062723c751e8b465ee728b)  -> (artifact id: '7742fafe996360f8317ab44e1d5591d4') in 0.012188 seconds 
  Import took 0.014811 seconds .

========================================================================
Received Import Request.
  Time since last request: 0.000216 seconds.
  path: Assets/Sprites/Jump (4).png
  artifactKey: Guid(9a3ca35d22f6dcd48a755c57c13dd2fd) Importer(815301076,1909f56bfc062723c751e8b465ee728b)
Start importing Assets/Sprites/Jump (4).png using Guid(9a3ca35d22f6dcd48a755c57c13dd2fd) Importer(815301076,1909f56bfc062723c751e8b465ee728b)  -> (artifact id: '5d961c575945ea81c2777e4bc5502500') in 0.013509 seconds 
  Import took 0.016708 seconds .

========================================================================
Received Import Request.
  Time since last request: 0.000158 seconds.
  path: Assets/Sprites/Hurt (1).png
  artifactKey: Guid(1f895befb2b594c4d9dca64010cd02e5) Importer(815301076,1909f56bfc062723c751e8b465ee728b)
Start importing Assets/Sprites/Hurt (1).png using Guid(1f895befb2b594c4d9dca64010cd02e5) Importer(815301076,1909f56bfc062723c751e8b465ee728b)  -> (artifact id: '8c8bf3d93e5c016d75c22f89dceba883') in 0.010849 seconds 
  Import took 0.013548 seconds .

========================================================================
Received Import Request.
  Time since last request: 0.000170 seconds.
  path: Assets/Sprites/Fall (5).png
  artifactKey: Guid(11eed2cd21e6f9f4ebc199569534e82f) Importer(815301076,1909f56bfc062723c751e8b465ee728b)
Start importing Assets/Sprites/Fall (5).png using Guid(11eed2cd21e6f9f4ebc199569534e82f) Importer(815301076,1909f56bfc062723c751e8b465ee728b)  -> (artifact id: '496517e4119e43c1cd85b5b589ce972b') in 0.012464 seconds 
  Import took 0.015586 seconds .

========================================================================
Received Import Request.
  Time since last request: 0.000163 seconds.
  path: Assets/Sprites/Hurt (6).png
  artifactKey: Guid(3c5d2a4443d331044ad3cb1895720d08) Importer(815301076,1909f56bfc062723c751e8b465ee728b)
Start importing Assets/Sprites/Hurt (6).png using Guid(3c5d2a4443d331044ad3cb1895720d08) Importer(815301076,1909f56bfc062723c751e8b465ee728b)  -> (artifact id: 'dbb5f299e09f945b93572148e9872e38') in 0.011643 seconds 
  Import took 0.014260 seconds .

========================================================================
Received Import Request.
  Time since last request: 0.000119 seconds.
  path: Assets/Sprites/Idle (2).png
  artifactKey: Guid(888d25955235d6d4496572ec28a998cb) Importer(815301076,1909f56bfc062723c751e8b465ee728b)
Start importing Assets/Sprites/Idle (2).png using Guid(888d25955235d6d4496572ec28a998cb) Importer(815301076,1909f56bfc062723c751e8b465ee728b)  -> (artifact id: '9d22b615b7419275aa69998793588775') in 0.012375 seconds 
  Import took 0.015057 seconds .

========================================================================
Received Import Request.
  Time since last request: 0.000149 seconds.
  path: Assets/Sprites/Hurt (3).png
  artifactKey: Guid(24921a8ef92e5d24fbeeb6c7a67b89ad) Importer(815301076,1909f56bfc062723c751e8b465ee728b)
Start importing Assets/Sprites/Hurt (3).png using Guid(24921a8ef92e5d24fbeeb6c7a67b89ad) Importer(815301076,1909f56bfc062723c751e8b465ee728b)  -> (artifact id: 'd19dc8bc1aabb3446552254fc08e991d') in 0.010857 seconds 
  Import took 0.013472 seconds .

========================================================================
Received Import Request.
  Time since last request: 0.000148 seconds.
  path: Assets/Sprites/Idle (4).png
  artifactKey: Guid(518008967e035754d94321ee02c06382) Importer(815301076,1909f56bfc062723c751e8b465ee728b)
Start importing Assets/Sprites/Idle (4).png using Guid(518008967e035754d94321ee02c06382) Importer(815301076,1909f56bfc062723c751e8b465ee728b)  -> (artifact id: '181bd986e39efcb00415ca3d76e3e7d8') in 0.012023 seconds 
  Import took 0.014648 seconds .

========================================================================
Received Import Request.
  Time since last request: 0.000147 seconds.
  path: Assets/Sprites/Idle (5).png
  artifactKey: Guid(ca13666a09f843c4eab1cc0ad435f76e) Importer(815301076,1909f56bfc062723c751e8b465ee728b)
Start importing Assets/Sprites/Idle (5).png using Guid(ca13666a09f843c4eab1cc0ad435f76e) Importer(815301076,1909f56bfc062723c751e8b465ee728b)  -> (artifact id: '49c7990e54ef1e4e19ac50aa046e506c') in 0.013727 seconds 
  Import took 0.016430 seconds .

========================================================================
Received Import Request.
  Time since last request: 0.000158 seconds.
  path: Assets/Sprites/Idle (3).png
  artifactKey: Guid(ecdc1c4dede33444cb059b20b740e35a) Importer(815301076,1909f56bfc062723c751e8b465ee728b)
Start importing Assets/Sprites/Idle (3).png using Guid(ecdc1c4dede33444cb059b20b740e35a) Importer(815301076,1909f56bfc062723c751e8b465ee728b)  -> (artifact id: '0f0f0af8718588e153702b0b51ce9792') in 0.012893 seconds 
  Import took 0.016010 seconds .

========================================================================
Received Import Request.
  Time since last request: 0.000141 seconds.
  path: Assets/Sprites/Jump (1).png
  artifactKey: Guid(64eec2c6a1f425d40b212bcabe161482) Importer(815301076,1909f56bfc062723c751e8b465ee728b)
Start importing Assets/Sprites/Jump (1).png using Guid(64eec2c6a1f425d40b212bcabe161482) Importer(815301076,1909f56bfc062723c751e8b465ee728b)  -> (artifact id: '2c9a01e1b9dbdc6da63993674994aa9c') in 0.011638 seconds 
  Import took 0.014283 seconds .

========================================================================
Received Import Request.
  Time since last request: 0.000157 seconds.
  path: Assets/Sprites/Idle (10).png
  artifactKey: Guid(81aae0c1169a3ff4daeb4ae9bbd9d643) Importer(815301076,1909f56bfc062723c751e8b465ee728b)
Start importing Assets/Sprites/Idle (10).png using Guid(81aae0c1169a3ff4daeb4ae9bbd9d643) Importer(815301076,1909f56bfc062723c751e8b465ee728b)  -> (artifact id: '716b5f74702e8b6750df17648543db75') in 0.012025 seconds 
  Import took 0.014752 seconds .

========================================================================
Received Import Request.
  Time since last request: 0.000132 seconds.
  path: Assets/Sprites/Hurt (10).png
  artifactKey: Guid(26ad0d10cf81f1445833524c8bd1ce80) Importer(815301076,1909f56bfc062723c751e8b465ee728b)
Start importing Assets/Sprites/Hurt (10).png using Guid(26ad0d10cf81f1445833524c8bd1ce80) Importer(815301076,1909f56bfc062723c751e8b465ee728b)  -> (artifact id: 'ab8188a1012cc39b5df43435fa84098a') in 0.014050 seconds 
  Import took 0.016877 seconds .

========================================================================
Received Import Request.
  Time since last request: 0.000111 seconds.
  path: Assets/Sprites/Jump (5).png
  artifactKey: Guid(3813f90b2cfbb1342b5568f3eac8716e) Importer(815301076,1909f56bfc062723c751e8b465ee728b)
Start importing Assets/Sprites/Jump (5).png using Guid(3813f90b2cfbb1342b5568f3eac8716e) Importer(815301076,1909f56bfc062723c751e8b465ee728b)  -> (artifact id: 'b0702cb00e2576d89fc6423983ef5dc8') in 0.014248 seconds 
  Import took 0.016930 seconds .

========================================================================
Received Import Request.
  Time since last request: 0.000158 seconds.
  path: Assets/Sprites/Jump (7).png
  artifactKey: Guid(358d9a122042e26408b29c48fc3658fe) Importer(815301076,1909f56bfc062723c751e8b465ee728b)
Start importing Assets/Sprites/Jump (7).png using Guid(358d9a122042e26408b29c48fc3658fe) Importer(815301076,1909f56bfc062723c751e8b465ee728b)  -> (artifact id: 'd24075338954873e64f069d49533847d') in 0.011560 seconds 
  Import took 0.014734 seconds .

========================================================================
Received Import Request.
  Time since last request: 0.000177 seconds.
  path: Assets/Sprites/Idle (8).png
  artifactKey: Guid(730d9a511fef0e34a86e6b939581d288) Importer(815301076,1909f56bfc062723c751e8b465ee728b)
Start importing Assets/Sprites/Idle (8).png using Guid(730d9a511fef0e34a86e6b939581d288) Importer(815301076,1909f56bfc062723c751e8b465ee728b)  -> (artifact id: '03d107b1d63fc18144bc9dfffa2c9a32') in 0.011979 seconds 
  Import took 0.015118 seconds .

========================================================================
Received Import Request.
  Time since last request: 0.000185 seconds.
  path: Assets/Sprites/Dead (5).png
  artifactKey: Guid(f97d52b9ec6279441bcfff928a42d0b7) Importer(815301076,1909f56bfc062723c751e8b465ee728b)
Start importing Assets/Sprites/Dead (5).png using Guid(f97d52b9ec6279441bcfff928a42d0b7) Importer(815301076,1909f56bfc062723c751e8b465ee728b)  -> (artifact id: 'f9567a35fe52839009f350e020c7a8f4') in 0.011415 seconds 
  Import took 0.014431 seconds .

========================================================================
Received Import Request.
  Time since last request: 0.000157 seconds.
  path: Assets/Sprites/Jump (2).png
  artifactKey: Guid(3bc7d33f0e2336b479011a872ffd53e8) Importer(815301076,1909f56bfc062723c751e8b465ee728b)
Start importing Assets/Sprites/Jump (2).png using Guid(3bc7d33f0e2336b479011a872ffd53e8) Importer(815301076,1909f56bfc062723c751e8b465ee728b)  -> (artifact id: '15d9827f81c5c4aacac582bed9151c72') in 0.011646 seconds 
  Import took 0.014857 seconds .

========================================================================
Received Import Request.
  Time since last request: 0.000172 seconds.
  path: Assets/Sprites/Idle (6).png
  artifactKey: Guid(073a33748ff04604cb38eb3ccf6944e7) Importer(815301076,1909f56bfc062723c751e8b465ee728b)
Start importing Assets/Sprites/Idle (6).png using Guid(073a33748ff04604cb38eb3ccf6944e7) Importer(815301076,1909f56bfc062723c751e8b465ee728b)  -> (artifact id: '929f1b213b4d132dc4bbce3691b3f1c4') in 0.014654 seconds 
  Import took 0.017391 seconds .

========================================================================
Received Import Request.
  Time since last request: 0.000233 seconds.
  path: Assets/Sprites/Dead (10).png
  artifactKey: Guid(4507f9962efa9ed48bdf296fe51b4adb) Importer(815301076,1909f56bfc062723c751e8b465ee728b)
Start importing Assets/Sprites/Dead (10).png using Guid(4507f9962efa9ed48bdf296fe51b4adb) Importer(815301076,1909f56bfc062723c751e8b465ee728b)  -> (artifact id: 'a40fd871508fe2a95ca65e177b78bf9e') in 0.011473 seconds 
  Import took 0.014906 seconds .

========================================================================
Received Import Request.
  Time since last request: 0.000179 seconds.
  path: Assets/Sprites/Fall (8).png
  artifactKey: Guid(071c6336b0271a4499f5f124512325ab) Importer(815301076,1909f56bfc062723c751e8b465ee728b)
Start importing Assets/Sprites/Fall (8).png using Guid(071c6336b0271a4499f5f124512325ab) Importer(815301076,1909f56bfc062723c751e8b465ee728b)  -> (artifact id: '8de96c21043de685a525d00acaa9fb54') in 0.011313 seconds 
  Import took 0.014438 seconds .

========================================================================
Received Import Request.
  Time since last request: 0.000190 seconds.
  path: Assets/Sprites/Hurt (4).png
  artifactKey: Guid(d08b9ef57ab7a59428510805ddfa2280) Importer(815301076,1909f56bfc062723c751e8b465ee728b)
Start importing Assets/Sprites/Hurt (4).png using Guid(d08b9ef57ab7a59428510805ddfa2280) Importer(815301076,1909f56bfc062723c751e8b465ee728b)  -> (artifact id: '39be926bdcb4002da86363838f9ceb82') in 0.012110 seconds 
  Import took 0.015330 seconds .

========================================================================
Received Import Request.
  Time since last request: 0.000162 seconds.
  path: Assets/Sprites/Hurt (7).png
  artifactKey: Guid(d85fbe5d954313646a6a45f94cef2ef6) Importer(815301076,1909f56bfc062723c751e8b465ee728b)
Start importing Assets/Sprites/Hurt (7).png using Guid(d85fbe5d954313646a6a45f94cef2ef6) Importer(815301076,1909f56bfc062723c751e8b465ee728b)  -> (artifact id: 'd67a6cd5f33c659a1d60455482cae127') in 0.012571 seconds 
  Import took 0.015274 seconds .

========================================================================
Received Import Request.
  Time since last request: 0.000144 seconds.
  path: Assets/Sprites/Dead (7).png
  artifactKey: Guid(e4bc7488c03f4b74ab55253ed65b652c) Importer(815301076,1909f56bfc062723c751e8b465ee728b)
Start importing Assets/Sprites/Dead (7).png using Guid(e4bc7488c03f4b74ab55253ed65b652c) Importer(815301076,1909f56bfc062723c751e8b465ee728b)  -> (artifact id: '8f79019e1acdb22beda8163dddf13039') in 0.010724 seconds 
  Import took 0.013512 seconds .

========================================================================
Received Import Request.
  Time since last request: 0.000167 seconds.
  path: Assets/Sprites/Run (1).png
  artifactKey: Guid(461f446c6a8c3a543b03c48f5c5624d1) Importer(815301076,1909f56bfc062723c751e8b465ee728b)
Start importing Assets/Sprites/Run (1).png using Guid(461f446c6a8c3a543b03c48f5c5624d1) Importer(815301076,1909f56bfc062723c751e8b465ee728b)  -> (artifact id: '82d26b098dc7e700cc38e793a08c84b5') in 0.012040 seconds 
  Import took 0.014878 seconds .

========================================================================
Received Import Request.
  Time since last request: 0.000156 seconds.
  path: Assets/Sprites/Fall (4).png
  artifactKey: Guid(b819448bf50b726499a321513f4b1200) Importer(815301076,1909f56bfc062723c751e8b465ee728b)
Start importing Assets/Sprites/Fall (4).png using Guid(b819448bf50b726499a321513f4b1200) Importer(815301076,1909f56bfc062723c751e8b465ee728b)  -> (artifact id: '04deb3fbb5d15a5fb41b476fbe8e0d5a') in 0.010818 seconds 
  Import took 0.013537 seconds .

========================================================================
Received Import Request.
  Time since last request: 0.000170 seconds.
  path: Assets/Sprites/Idle (7).png
  artifactKey: Guid(7b90227e5ea83bc4e8ab40cf77d2bdc4) Importer(815301076,1909f56bfc062723c751e8b465ee728b)
Start importing Assets/Sprites/Idle (7).png using Guid(7b90227e5ea83bc4e8ab40cf77d2bdc4) Importer(815301076,1909f56bfc062723c751e8b465ee728b)  -> (artifact id: '6842660c39012577895db658c2081219') in 0.013837 seconds 
  Import took 0.016982 seconds .

========================================================================
Received Import Request.
  Time since last request: 0.000177 seconds.
  path: Assets/Sprites/Hurt (2).png
  artifactKey: Guid(ee424bca5531a2e42ab249b69e5edebf) Importer(815301076,1909f56bfc062723c751e8b465ee728b)
Start importing Assets/Sprites/Hurt (2).png using Guid(ee424bca5531a2e42ab249b69e5edebf) Importer(815301076,1909f56bfc062723c751e8b465ee728b)  -> (artifact id: '0b015a7ba5344cc4ac4517ba1681720e') in 0.012179 seconds 
  Import took 0.015093 seconds .

========================================================================
Received Import Request.
  Time since last request: 0.000208 seconds.
  path: Assets/Sprites/Hurt (9).png
  artifactKey: Guid(246a668b4425a9e46ac6f12d7aacd4d7) Importer(815301076,1909f56bfc062723c751e8b465ee728b)
Start importing Assets/Sprites/Hurt (9).png using Guid(246a668b4425a9e46ac6f12d7aacd4d7) Importer(815301076,1909f56bfc062723c751e8b465ee728b)  -> (artifact id: 'b112247b1638a37f0be23e5f1af16ebb') in 0.011771 seconds 
  Import took 0.014879 seconds .

========================================================================
Received Import Request.
  Time since last request: 0.000148 seconds.
  path: Assets/Sprites/Jump (3).png
  artifactKey: Guid(f03daa4146e74524099a51189a609208) Importer(815301076,1909f56bfc062723c751e8b465ee728b)
Start importing Assets/Sprites/Jump (3).png using Guid(f03daa4146e74524099a51189a609208) Importer(815301076,1909f56bfc062723c751e8b465ee728b)  -> (artifact id: '8072aea9402ee1156a97dc77d63bc15c') in 0.011582 seconds 
  Import took 0.014299 seconds .

========================================================================
Received Import Request.
  Time since last request: 0.000172 seconds.
  path: Assets/Sprites/Run (2).png
  artifactKey: Guid(447cf6d896b7d8949a3d7662522735ef) Importer(815301076,1909f56bfc062723c751e8b465ee728b)
Start importing Assets/Sprites/Run (2).png using Guid(447cf6d896b7d8949a3d7662522735ef) Importer(815301076,1909f56bfc062723c751e8b465ee728b)  -> (artifact id: '45653f38f764d7401fba0f0a48e78868') in 0.011213 seconds 
  Import took 0.014183 seconds .

========================================================================
Received Import Request.
  Time since last request: 15.646402 seconds.
  path: Assets/Sprites/Run (4).png
  artifactKey: Guid(5ff47f166877b9b4290e7bdb85d718fb) Importer(815301076,1909f56bfc062723c751e8b465ee728b)
Start importing Assets/Sprites/Run (4).png using Guid(5ff47f166877b9b4290e7bdb85d718fb) Importer(815301076,1909f56bfc062723c751e8b465ee728b)  -> (artifact id: 'f9d1a0f98b6fbc0f14d1de9d59a5ed14') in 0.015209 seconds 
  Import took 0.018309 seconds .

========================================================================
Received Import Request.
  Time since last request: 0.000144 seconds.
  path: Assets/Sprites/Slide (7).png
  artifactKey: Guid(8cf383188560cf14a91cacd19e724850) Importer(815301076,1909f56bfc062723c751e8b465ee728b)
Start importing Assets/Sprites/Slide (7).png using Guid(8cf383188560cf14a91cacd19e724850) Importer(815301076,1909f56bfc062723c751e8b465ee728b)  -> (artifact id: '3b5874b596e2160a2897cd1218e7bdb8') in 0.013446 seconds 
  Import took 0.016251 seconds .

========================================================================
Received Import Request.
  Time since last request: 0.000156 seconds.
  path: Assets/Sprites/Slide (3).png
  artifactKey: Guid(8195e1ffc3027944d89a16836932fdc6) Importer(815301076,1909f56bfc062723c751e8b465ee728b)
Start importing Assets/Sprites/Slide (3).png using Guid(8195e1ffc3027944d89a16836932fdc6) Importer(815301076,1909f56bfc062723c751e8b465ee728b)  -> (artifact id: '703181e1576676f3e9a52878cb5a37ad') in 0.011591 seconds 
  Import took 0.014223 seconds .

========================================================================
Received Import Request.
  Time since last request: 0.000264 seconds.
  path: Assets/Sprites/Slide (6).png
  artifactKey: Guid(fd1cce64a29a2f64ab647a590f588c76) Importer(815301076,1909f56bfc062723c751e8b465ee728b)
Start importing Assets/Sprites/Slide (6).png using Guid(fd1cce64a29a2f64ab647a590f588c76) Importer(815301076,1909f56bfc062723c751e8b465ee728b)  -> (artifact id: '2e44d8ac4efd3913687a364f4fc2ae40') in 0.012181 seconds 
  Import took 0.015377 seconds .

========================================================================
Received Import Request.
  Time since last request: 0.000156 seconds.
  path: Assets/Sprites/Run (7).png
  artifactKey: Guid(e8f72d707ab36f04bbb0f6d16d14e20d) Importer(815301076,1909f56bfc062723c751e8b465ee728b)
Start importing Assets/Sprites/Run (7).png using Guid(e8f72d707ab36f04bbb0f6d16d14e20d) Importer(815301076,1909f56bfc062723c751e8b465ee728b)  -> (artifact id: 'da1b0d79f30ad1cd609e13818aabca01') in 0.010860 seconds 
  Import took 0.013523 seconds .

========================================================================
Received Import Request.
  Time since last request: 0.000127 seconds.
  path: Assets/Sprites/Run (5).png
  artifactKey: Guid(9dd71954a5c86bc4d86348f9067a2be1) Importer(815301076,1909f56bfc062723c751e8b465ee728b)
Start importing Assets/Sprites/Run (5).png using Guid(9dd71954a5c86bc4d86348f9067a2be1) Importer(815301076,1909f56bfc062723c751e8b465ee728b)  -> (artifact id: '1c9c88bf6d2f06d4c2d9e357ff66a587') in 0.017353 seconds 
  Import took 0.020221 seconds .

========================================================================
Received Import Request.
  Time since last request: 0.000146 seconds.
  path: Assets/Sprites/Slide (4).png
  artifactKey: Guid(1fd3376a7968dec4cb305d004f0278ff) Importer(815301076,1909f56bfc062723c751e8b465ee728b)
Start importing Assets/Sprites/Slide (4).png using Guid(1fd3376a7968dec4cb305d004f0278ff) Importer(815301076,1909f56bfc062723c751e8b465ee728b)  -> (artifact id: '8515b76803dc0340c2ca1368f5e91835') in 0.014616 seconds 
  Import took 0.017557 seconds .

========================================================================
Received Import Request.
  Time since last request: 0.000152 seconds.
  path: Assets/Sprites/Run (8).png
  artifactKey: Guid(9d06442456e49f347a9a07feda1beb07) Importer(815301076,1909f56bfc062723c751e8b465ee728b)
Start importing Assets/Sprites/Run (8).png using Guid(9d06442456e49f347a9a07feda1beb07) Importer(815301076,1909f56bfc062723c751e8b465ee728b)  -> (artifact id: '3ad4d5f3799f8666c8f776db77500fad') in 0.014878 seconds 
  Import took 0.017574 seconds .

========================================================================
Received Import Request.
  Time since last request: 0.000132 seconds.
  path: Assets/Sprites/Slide (5).png
  artifactKey: Guid(b94868b8edd334743ab92d47d14e5a16) Importer(815301076,1909f56bfc062723c751e8b465ee728b)
Start importing Assets/Sprites/Slide (5).png using Guid(b94868b8edd334743ab92d47d14e5a16) Importer(815301076,1909f56bfc062723c751e8b465ee728b)  -> (artifact id: '678b5a733326dae93142e4792b70b5b5') in 0.011771 seconds 
  Import took 0.014484 seconds .

========================================================================
Received Import Request.
  Time since last request: 0.000321 seconds.
  path: Assets/Sprites/Run (6).png
  artifactKey: Guid(26bdd753f96f8e24db48eb497c8a7405) Importer(815301076,1909f56bfc062723c751e8b465ee728b)
Start importing Assets/Sprites/Run (6).png using Guid(26bdd753f96f8e24db48eb497c8a7405) Importer(815301076,1909f56bfc062723c751e8b465ee728b)  -> (artifact id: 'a0bb0e3cf4525c5b76f1d2e4aa0f32dd') in 0.010545 seconds 
  Import took 0.014001 seconds .

========================================================================
Received Import Request.
  Time since last request: 0.000149 seconds.
  path: Assets/Sprites/Slide (1).png
  artifactKey: Guid(30ca699121d76a543a1a2673e915af5a) Importer(815301076,1909f56bfc062723c751e8b465ee728b)
Start importing Assets/Sprites/Slide (1).png using Guid(30ca699121d76a543a1a2673e915af5a) Importer(815301076,1909f56bfc062723c751e8b465ee728b)  -> (artifact id: 'fdd9531be8b217791db2ae8d562189e6') in 0.014239 seconds 
  Import took 0.017303 seconds .

========================================================================
Received Import Request.
  Time since last request: 0.000142 seconds.
  path: Assets/Sprites/Slide (2).png
  artifactKey: Guid(74ed71127b097a74e9c3195824225144) Importer(815301076,1909f56bfc062723c751e8b465ee728b)
Start importing Assets/Sprites/Slide (2).png using Guid(74ed71127b097a74e9c3195824225144) Importer(815301076,1909f56bfc062723c751e8b465ee728b)  -> (artifact id: '36974381e5c6b5ed18a7cad09fecf7bc') in 0.011571 seconds 
  Import took 0.014213 seconds .

========================================================================
Received Prepare
Registering precompiled user dll's ...
Registered in 0.003662 seconds.
Begin MonoManager ReloadAssembly
Native extension for WindowsStandalone target not found
Refreshing native plugins compatible for Editor in 0.45 ms, found 3 plugins.
Preloading 0 native plugins for Editor in 0.00 ms.
Mono: successfully reloaded assembly
- Completed reload, in  0.855 seconds
Domain Reload Profiling:
	ReloadAssembly (855ms)
		BeginReloadAssembly (88ms)
			ExecutionOrderSort (0ms)
			DisableScriptedObjects (5ms)
			BackupInstance (0ms)
			ReleaseScriptingObjects (0ms)
			CreateAndSetChildDomain (29ms)
		EndReloadAssembly (713ms)
			LoadAssemblies (71ms)
			RebuildTransferFunctionScriptingTraits (0ms)
			SetupTypeCache (223ms)
			ReleaseScriptCaches (1ms)
			RebuildScriptCaches (35ms)
			SetupLoadedEditorAssemblies (297ms)
				LogAssemblyErrors (0ms)
				InitializePlatformSupportModulesInManaged (4ms)
				SetLoadedEditorAssemblies (1ms)
				RefreshPlugins (1ms)
				BeforeProcessingInitializeOnLoad (75ms)
				ProcessInitializeOnLoadAttributes (207ms)
				ProcessInitializeOnLoadMethodAttributes (5ms)
				AfterProcessingInitializeOnLoad (6ms)
				EditorAssembliesLoaded (0ms)
			ExecutionOrderSort2 (0ms)
			AwakeInstancesAfterBackupRestoration (8ms)
Platform modules already initialized, skipping
Refreshing native plugins compatible for Editor in 0.50 ms, found 3 plugins.
Preloading 0 native plugins for Editor in 0.00 ms.
Unloading 2082 Unused Serialized files (Serialized files now loaded: 0)
System memory in use before: 95.6 MB.
System memory in use after: 95.7 MB.

Unloading 16 unused Assets to reduce memory usage. Loaded Objects now: 2546.
Total: 2.672800 ms (FindLiveObjects: 0.183100 ms CreateObjectMapping: 0.045700 ms MarkObjects: 2.428500 ms  DeleteObjects: 0.014800 ms)

AssetImportParameters requested are different than current active one (requested -> active):
  custom:framework-win-MediaFoundation: 216162199b28c13a410421893ffa2e32 -> 
  custom:video-decoder-ogg-theora: a1e56fd34408186e4bbccfd4996cb3dc -> 
  custom:container-muxer-webm: aa71ff27fc2769a1b78a27578f13a17b -> 
  custom:container-demuxer-webm: 4f35f7cbe854078d1ac9338744f61a02 -> 
  custom:container-demuxer-ogg: 62fdf1f143b41e24485cea50d1cbac27 -> 
  custom:video-encoder-webm-vp8: eb34c28f22e8b96e1ab97ce403110664 -> 
  custom:video-decoder-webm-vp8: 9c59270c3fd7afecdb556c50c9e8de78 -> 
  custom:audio-decoder-ogg-vorbis: bf7c407c2cedff20999df2af8eb42d56 -> 
  custom:audio-encoder-webm-vorbis: bf7c407c2cedff20999df2af8eb42d56 -> 
========================================================================
Received Prepare
Registering precompiled user dll's ...
Registered in 0.004069 seconds.
Begin MonoManager ReloadAssembly
Native extension for WindowsStandalone target not found
Refreshing native plugins compatible for Editor in 0.42 ms, found 3 plugins.
Preloading 0 native plugins for Editor in 0.00 ms.
Mono: successfully reloaded assembly
- Completed reload, in  0.874 seconds
Domain Reload Profiling:
	ReloadAssembly (874ms)
		BeginReloadAssembly (89ms)
			ExecutionOrderSort (0ms)
			DisableScriptedObjects (5ms)
			BackupInstance (0ms)
			ReleaseScriptingObjects (0ms)
			CreateAndSetChildDomain (28ms)
		EndReloadAssembly (729ms)
			LoadAssemblies (70ms)
			RebuildTransferFunctionScriptingTraits (0ms)
			SetupTypeCache (231ms)
			ReleaseScriptCaches (1ms)
			RebuildScriptCaches (36ms)
			SetupLoadedEditorAssemblies (304ms)
				LogAssemblyErrors (0ms)
				InitializePlatformSupportModulesInManaged (4ms)
				SetLoadedEditorAssemblies (0ms)
				RefreshPlugins (0ms)
				BeforeProcessingInitializeOnLoad (80ms)
				ProcessInitializeOnLoadAttributes (208ms)
				ProcessInitializeOnLoadMethodAttributes (5ms)
				AfterProcessingInitializeOnLoad (7ms)
				EditorAssembliesLoaded (0ms)
			ExecutionOrderSort2 (0ms)
			AwakeInstancesAfterBackupRestoration (9ms)
Platform modules already initialized, skipping
Refreshing native plugins compatible for Editor in 0.42 ms, found 3 plugins.
Preloading 0 native plugins for Editor in 0.00 ms.
Unloading 2081 Unused Serialized files (Serialized files now loaded: 0)
System memory in use before: 95.6 MB.
System memory in use after: 95.7 MB.

Unloading 17 unused Assets to reduce memory usage. Loaded Objects now: 2548.
Total: 3.196700 ms (FindLiveObjects: 0.184500 ms CreateObjectMapping: 0.044800 ms MarkObjects: 2.945900 ms  DeleteObjects: 0.020200 ms)

AssetImportParameters requested are different than current active one (requested -> active):
  custom:framework-win-MediaFoundation: 216162199b28c13a410421893ffa2e32 -> 
  custom:video-decoder-ogg-theora: a1e56fd34408186e4bbccfd4996cb3dc -> 
  custom:container-muxer-webm: aa71ff27fc2769a1b78a27578f13a17b -> 
  custom:container-demuxer-webm: 4f35f7cbe854078d1ac9338744f61a02 -> 
  custom:container-demuxer-ogg: 62fdf1f143b41e24485cea50d1cbac27 -> 
  custom:video-encoder-webm-vp8: eb34c28f22e8b96e1ab97ce403110664 -> 
  custom:video-decoder-webm-vp8: 9c59270c3fd7afecdb556c50c9e8de78 -> 
  custom:audio-decoder-ogg-vorbis: bf7c407c2cedff20999df2af8eb42d56 -> 
  custom:audio-encoder-webm-vorbis: bf7c407c2cedff20999df2af8eb42d56 -> 
========================================================================
Received Import Request.
  Time since last request: 119.162478 seconds.
  path: Assets/Scripts/CatController.cs
  artifactKey: Guid(36bccad128a914a429a579c60c6bf0d2) Importer(815301076,1909f56bfc062723c751e8b465ee728b)
Start importing Assets/Scripts/CatController.cs using Guid(36bccad128a914a429a579c60c6bf0d2) Importer(815301076,1909f56bfc062723c751e8b465ee728b)  -> (artifact id: '05cb22dde44cb4c82fc90fc7bbaf03ad') in 0.007876 seconds 
  Import took 0.010829 seconds .

========================================================================
Received Prepare
Registering precompiled user dll's ...
Registered in 0.003684 seconds.
Begin MonoManager ReloadAssembly
Native extension for WindowsStandalone target not found
Refreshing native plugins compatible for Editor in 0.45 ms, found 3 plugins.
Preloading 0 native plugins for Editor in 0.00 ms.
Mono: successfully reloaded assembly
- Completed reload, in  0.883 seconds
Domain Reload Profiling:
	ReloadAssembly (883ms)
		BeginReloadAssembly (89ms)
			ExecutionOrderSort (0ms)
			DisableScriptedObjects (5ms)
			BackupInstance (0ms)
			ReleaseScriptingObjects (0ms)
			CreateAndSetChildDomain (28ms)
		EndReloadAssembly (734ms)
			LoadAssemblies (71ms)
			RebuildTransferFunctionScriptingTraits (0ms)
			SetupTypeCache (235ms)
			ReleaseScriptCaches (1ms)
			RebuildScriptCaches (36ms)
			SetupLoadedEditorAssemblies (305ms)
				LogAssemblyErrors (0ms)
				InitializePlatformSupportModulesInManaged (4ms)
				SetLoadedEditorAssemblies (0ms)
				RefreshPlugins (0ms)
				BeforeProcessingInitializeOnLoad (79ms)
				ProcessInitializeOnLoadAttributes (210ms)
				ProcessInitializeOnLoadMethodAttributes (5ms)
				AfterProcessingInitializeOnLoad (6ms)
				EditorAssembliesLoaded (0ms)
			ExecutionOrderSort2 (0ms)
			AwakeInstancesAfterBackupRestoration (8ms)
Platform modules already initialized, skipping
Refreshing native plugins compatible for Editor in 0.45 ms, found 3 plugins.
Preloading 0 native plugins for Editor in 0.00 ms.
Unloading 2082 Unused Serialized files (Serialized files now loaded: 0)
System memory in use before: 95.6 MB.
System memory in use after: 95.7 MB.

Unloading 16 unused Assets to reduce memory usage. Loaded Objects now: 2552.
Total: 2.811500 ms (FindLiveObjects: 0.195400 ms CreateObjectMapping: 0.046100 ms MarkObjects: 2.549200 ms  DeleteObjects: 0.019400 ms)

AssetImportParameters requested are different than current active one (requested -> active):
  custom:framework-win-MediaFoundation: 216162199b28c13a410421893ffa2e32 -> 
  custom:video-decoder-ogg-theora: a1e56fd34408186e4bbccfd4996cb3dc -> 
  custom:container-muxer-webm: aa71ff27fc2769a1b78a27578f13a17b -> 
  custom:container-demuxer-webm: 4f35f7cbe854078d1ac9338744f61a02 -> 
  custom:container-demuxer-ogg: 62fdf1f143b41e24485cea50d1cbac27 -> 
  custom:video-encoder-webm-vp8: eb34c28f22e8b96e1ab97ce403110664 -> 
  custom:video-decoder-webm-vp8: 9c59270c3fd7afecdb556c50c9e8de78 -> 
  custom:audio-decoder-ogg-vorbis: bf7c407c2cedff20999df2af8eb42d56 -> 
  custom:audio-encoder-webm-vorbis: bf7c407c2cedff20999df2af8eb42d56 -> 
========================================================================
Received Prepare
Registering precompiled user dll's ...
Registered in 0.004367 seconds.
Begin MonoManager ReloadAssembly
Native extension for WindowsStandalone target not found
Refreshing native plugins compatible for Editor in 0.43 ms, found 3 plugins.
Preloading 0 native plugins for Editor in 0.00 ms.
Mono: successfully reloaded assembly
- Completed reload, in  0.850 seconds
Domain Reload Profiling:
	ReloadAssembly (850ms)
		BeginReloadAssembly (90ms)
			ExecutionOrderSort (0ms)
			DisableScriptedObjects (5ms)
			BackupInstance (0ms)
			ReleaseScriptingObjects (0ms)
			CreateAndSetChildDomain (28ms)
		EndReloadAssembly (706ms)
			LoadAssemblies (69ms)
			RebuildTransferFunctionScriptingTraits (0ms)
			SetupTypeCache (223ms)
			ReleaseScriptCaches (1ms)
			RebuildScriptCaches (34ms)
			SetupLoadedEditorAssemblies (292ms)
				LogAssemblyErrors (0ms)
				InitializePlatformSupportModulesInManaged (4ms)
				SetLoadedEditorAssemblies (0ms)
				RefreshPlugins (0ms)
				BeforeProcessingInitializeOnLoad (75ms)
				ProcessInitializeOnLoadAttributes (202ms)
				ProcessInitializeOnLoadMethodAttributes (4ms)
				AfterProcessingInitializeOnLoad (6ms)
				EditorAssembliesLoaded (0ms)
			ExecutionOrderSort2 (0ms)
			AwakeInstancesAfterBackupRestoration (8ms)
Platform modules already initialized, skipping
Refreshing native plugins compatible for Editor in 0.42 ms, found 3 plugins.
Preloading 0 native plugins for Editor in 0.00 ms.
Unloading 2082 Unused Serialized files (Serialized files now loaded: 0)
System memory in use before: 95.6 MB.
System memory in use after: 95.8 MB.

Unloading 16 unused Assets to reduce memory usage. Loaded Objects now: 2555.
Total: 3.003300 ms (FindLiveObjects: 0.181600 ms CreateObjectMapping: 0.046300 ms MarkObjects: 2.752300 ms  DeleteObjects: 0.022100 ms)

AssetImportParameters requested are different than current active one (requested -> active):
  custom:framework-win-MediaFoundation: 216162199b28c13a410421893ffa2e32 -> 
  custom:video-decoder-ogg-theora: a1e56fd34408186e4bbccfd4996cb3dc -> 
  custom:container-muxer-webm: aa71ff27fc2769a1b78a27578f13a17b -> 
  custom:container-demuxer-webm: 4f35f7cbe854078d1ac9338744f61a02 -> 
  custom:container-demuxer-ogg: 62fdf1f143b41e24485cea50d1cbac27 -> 
  custom:video-encoder-webm-vp8: eb34c28f22e8b96e1ab97ce403110664 -> 
  custom:video-decoder-webm-vp8: 9c59270c3fd7afecdb556c50c9e8de78 -> 
  custom:audio-decoder-ogg-vorbis: bf7c407c2cedff20999df2af8eb42d56 -> 
  custom:audio-encoder-webm-vorbis: bf7c407c2cedff20999df2af8eb42d56 -> 
========================================================================
Received Import Request.
  Time since last request: 64.383806 seconds.
  path: Assets/Scripts/CatController.cs
  artifactKey: Guid(36bccad128a914a429a579c60c6bf0d2) Importer(815301076,1909f56bfc062723c751e8b465ee728b)
Start importing Assets/Scripts/CatController.cs using Guid(36bccad128a914a429a579c60c6bf0d2) Importer(815301076,1909f56bfc062723c751e8b465ee728b)  -> (artifact id: '50163790bfb71589f49fda347c010fcd') in 0.004543 seconds 
  Import took 0.007653 seconds .

========================================================================
Received Import Request.
  Time since last request: 92.367847 seconds.
  path: Assets/Sprites/Slide (8).png
  artifactKey: Guid(bb3af7cfeb17db94abea64ef0045b261) Importer(815301076,1909f56bfc062723c751e8b465ee728b)
Start importing Assets/Sprites/Slide (8).png using Guid(bb3af7cfeb17db94abea64ef0045b261) Importer(815301076,1909f56bfc062723c751e8b465ee728b)  -> (artifact id: 'c489545b92e145934f0d4e172a909270') in 0.042253 seconds 
  Import took 0.045165 seconds .

========================================================================
Received Import Request.
  Time since last request: 0.000201 seconds.
  path: Assets/Sprites/Walk (3).png
  artifactKey: Guid(8bc144f1399d5194996bc4e3cd4bb60e) Importer(815301076,1909f56bfc062723c751e8b465ee728b)
Start importing Assets/Sprites/Walk (3).png using Guid(8bc144f1399d5194996bc4e3cd4bb60e) Importer(815301076,1909f56bfc062723c751e8b465ee728b)  -> (artifact id: 'efb7ee08fdd9ef9ea17e9765ea52b535') in 0.020990 seconds 
  Import took 0.023746 seconds .

========================================================================
Received Import Request.
  Time since last request: 0.000130 seconds.
  path: Assets/Sprites/Walk (9).png
  artifactKey: Guid(9e4087d796fc75f4895070284c5c2001) Importer(815301076,1909f56bfc062723c751e8b465ee728b)
Start importing Assets/Sprites/Walk (9).png using Guid(9e4087d796fc75f4895070284c5c2001) Importer(815301076,1909f56bfc062723c751e8b465ee728b)  -> (artifact id: '0649795a81e5c78fc5dfe4fce2806a4c') in 0.014814 seconds 
  Import took 0.017288 seconds .

========================================================================
Received Import Request.
  Time since last request: 0.000128 seconds.
  path: Assets/Sprites/Slide (9).png
  artifactKey: Guid(9785355a08c582f48a1b2ba0aabe0357) Importer(815301076,1909f56bfc062723c751e8b465ee728b)
Start importing Assets/Sprites/Slide (9).png using Guid(9785355a08c582f48a1b2ba0aabe0357) Importer(815301076,1909f56bfc062723c751e8b465ee728b)  -> (artifact id: 'a966c50c8ce646701746c5f44e142c80') in 0.015263 seconds 
  Import took 0.017863 seconds .

========================================================================
Received Import Request.
  Time since last request: 0.000118 seconds.
  path: Assets/Sprites/Walk (1).png
  artifactKey: Guid(c6c6731f7ab59a843b0d056af644e72a) Importer(815301076,1909f56bfc062723c751e8b465ee728b)
Start importing Assets/Sprites/Walk (1).png using Guid(c6c6731f7ab59a843b0d056af644e72a) Importer(815301076,1909f56bfc062723c751e8b465ee728b)  -> (artifact id: '81a9c087cf8ecb5ed1e65db750e1782e') in 0.021471 seconds 
  Import took 0.024047 seconds .

========================================================================
Received Import Request.
  Time since last request: 0.000186 seconds.
  path: Assets/Sprites/Walk (6).png
  artifactKey: Guid(7fd7d3ec31c20914fbc77bee4aff0629) Importer(815301076,1909f56bfc062723c751e8b465ee728b)
Start importing Assets/Sprites/Walk (6).png using Guid(7fd7d3ec31c20914fbc77bee4aff0629) Importer(815301076,1909f56bfc062723c751e8b465ee728b)  -> (artifact id: '0d9cddacb8dc1d7522b4025bea8d4149') in 0.017703 seconds 
  Import took 0.020525 seconds .

========================================================================
Received Import Request.
  Time since last request: 0.000184 seconds.
  path: Assets/Sprites/Walk (8).png
  artifactKey: Guid(b9444af0541761b4aa51fcecc38a50d3) Importer(815301076,1909f56bfc062723c751e8b465ee728b)
Start importing Assets/Sprites/Walk (8).png using Guid(b9444af0541761b4aa51fcecc38a50d3) Importer(815301076,1909f56bfc062723c751e8b465ee728b)  -> (artifact id: '6176dbcfff2da71525a1860120ad0106') in 0.017595 seconds 
  Import took 0.020482 seconds .

========================================================================
Received Import Request.
  Time since last request: 0.000247 seconds.
  path: Assets/Sprites/Walk (4).png
  artifactKey: Guid(febc3f585ff4fec48bd3c85f81a5a4ee) Importer(815301076,1909f56bfc062723c751e8b465ee728b)
Start importing Assets/Sprites/Walk (4).png using Guid(febc3f585ff4fec48bd3c85f81a5a4ee) Importer(815301076,1909f56bfc062723c751e8b465ee728b)  -> (artifact id: '7cdd0b56aecb363fad1f52c02e0bbdc9') in 0.018072 seconds 
  Import took 0.020861 seconds .

========================================================================
Received Import Request.
  Time since last request: 0.000143 seconds.
  path: Assets/Sprites/Slide (8).png
  artifactKey: Guid(bb3af7cfeb17db94abea64ef0045b261) Importer(815301076,1909f56bfc062723c751e8b465ee728b)
Start importing Assets/Sprites/Slide (8).png using Guid(bb3af7cfeb17db94abea64ef0045b261) Importer(815301076,1909f56bfc062723c751e8b465ee728b)  -> (artifact id: 'c489545b92e145934f0d4e172a909270') in 0.009470 seconds 
  Import took 0.012294 seconds .

========================================================================
Received Import Request.
  Time since last request: 0.000227 seconds.
  path: Assets/Sprites/Walk (2).png
  artifactKey: Guid(b39aaed855c119d448628d82ac3e94c5) Importer(815301076,1909f56bfc062723c751e8b465ee728b)
Start importing Assets/Sprites/Walk (2).png using Guid(b39aaed855c119d448628d82ac3e94c5) Importer(815301076,1909f56bfc062723c751e8b465ee728b)  -> (artifact id: '667868d1cc633aa60f758a22ee941635') in 0.021493 seconds 
  Import took 0.024385 seconds .

========================================================================
Received Import Request.
  Time since last request: 0.000163 seconds.
  path: Assets/Sprites/Walk (5).png
  artifactKey: Guid(9ff41471a84c12a4994093c1c4e8ce53) Importer(815301076,1909f56bfc062723c751e8b465ee728b)
Start importing Assets/Sprites/Walk (5).png using Guid(9ff41471a84c12a4994093c1c4e8ce53) Importer(815301076,1909f56bfc062723c751e8b465ee728b)  -> (artifact id: 'd3e6f1eb0ac691570ec51c679c4b7462') in 0.015342 seconds 
  Import took 0.017879 seconds .

========================================================================
Received Import Request.
  Time since last request: 0.000152 seconds.
  path: Assets/Sprites/Walk (10).png
  artifactKey: Guid(9132ce2d358c4a749815db36b633c348) Importer(815301076,1909f56bfc062723c751e8b465ee728b)
Start importing Assets/Sprites/Walk (10).png using Guid(9132ce2d358c4a749815db36b633c348) Importer(815301076,1909f56bfc062723c751e8b465ee728b)  -> (artifact id: 'f07acb8e87d4e806cc669b788b008667') in 0.019098 seconds 
  Import took 0.022067 seconds .

========================================================================
Received Import Request.
  Time since last request: 0.000160 seconds.
  path: Assets/Sprites/Walk (7).png
  artifactKey: Guid(58d2ae17496cf8f47920b75d95549856) Importer(815301076,1909f56bfc062723c751e8b465ee728b)
Start importing Assets/Sprites/Walk (7).png using Guid(58d2ae17496cf8f47920b75d95549856) Importer(815301076,1909f56bfc062723c751e8b465ee728b)  -> (artifact id: 'b518aec78308eacfde5aaf3a737d4183') in 0.013867 seconds 
  Import took 0.016509 seconds .

========================================================================
Received Import Request.
  Time since last request: 0.000160 seconds.
  path: Assets/Sprites/Slide (10).png
  artifactKey: Guid(622b2a94c5b861145bb3ce3c3eba96fa) Importer(815301076,1909f56bfc062723c751e8b465ee728b)
Start importing Assets/Sprites/Slide (10).png using Guid(622b2a94c5b861145bb3ce3c3eba96fa) Importer(815301076,1909f56bfc062723c751e8b465ee728b)  -> (artifact id: 'db01ac86de84fb91c280bbb04e1a6b37') in 0.025648 seconds 
  Import took 0.028276 seconds .

========================================================================
Received Import Request.
  Time since last request: 181.254533 seconds.
  path: Assets/Animations/Idle (1).controller
  artifactKey: Guid(30a151605a13a7042987061c1c94bfa6) Importer(815301076,1909f56bfc062723c751e8b465ee728b)
Start importing Assets/Animations/Idle (1).controller using Guid(30a151605a13a7042987061c1c94bfa6) Importer(815301076,1909f56bfc062723c751e8b465ee728b)  -> (artifact id: 'be763a1ca34d4b9a546e36ccd1ae1ecd') in 0.006105 seconds 
  Import took 0.009258 seconds .

========================================================================
Received Prepare
Registering precompiled user dll's ...
Registered in 0.004242 seconds.
Begin MonoManager ReloadAssembly
Native extension for WindowsStandalone target not found
Refreshing native plugins compatible for Editor in 0.57 ms, found 3 plugins.
Preloading 0 native plugins for Editor in 0.00 ms.
Mono: successfully reloaded assembly
- Completed reload, in  0.934 seconds
Domain Reload Profiling:
	ReloadAssembly (934ms)
		BeginReloadAssembly (101ms)
			ExecutionOrderSort (0ms)
			DisableScriptedObjects (5ms)
			BackupInstance (0ms)
			ReleaseScriptingObjects (0ms)
			CreateAndSetChildDomain (31ms)
		EndReloadAssembly (775ms)
			LoadAssemblies (79ms)
			RebuildTransferFunctionScriptingTraits (0ms)
			SetupTypeCache (246ms)
			ReleaseScriptCaches (1ms)
			RebuildScriptCaches (39ms)
			SetupLoadedEditorAssemblies (325ms)
				LogAssemblyErrors (0ms)
				InitializePlatformSupportModulesInManaged (4ms)
				SetLoadedEditorAssemblies (0ms)
				RefreshPlugins (1ms)
				BeforeProcessingInitializeOnLoad (82ms)
				ProcessInitializeOnLoadAttributes (226ms)
				ProcessInitializeOnLoadMethodAttributes (5ms)
				AfterProcessingInitializeOnLoad (6ms)
				EditorAssembliesLoaded (0ms)
			ExecutionOrderSort2 (0ms)
			AwakeInstancesAfterBackupRestoration (9ms)
Platform modules already initialized, skipping
Refreshing native plugins compatible for Editor in 0.46 ms, found 3 plugins.
Preloading 0 native plugins for Editor in 0.00 ms.
Unloading 2082 Unused Serialized files (Serialized files now loaded: 0)
System memory in use before: 95.7 MB.
System memory in use after: 95.8 MB.

Unloading 16 unused Assets to reduce memory usage. Loaded Objects now: 2559.
Total: 2.966800 ms (FindLiveObjects: 0.191800 ms CreateObjectMapping: 0.050100 ms MarkObjects: 2.707000 ms  DeleteObjects: 0.016600 ms)

AssetImportParameters requested are different than current active one (requested -> active):
  custom:framework-win-MediaFoundation: 216162199b28c13a410421893ffa2e32 -> 
  custom:video-decoder-ogg-theora: a1e56fd34408186e4bbccfd4996cb3dc -> 
  custom:container-muxer-webm: aa71ff27fc2769a1b78a27578f13a17b -> 
  custom:container-demuxer-webm: 4f35f7cbe854078d1ac9338744f61a02 -> 
  custom:container-demuxer-ogg: 62fdf1f143b41e24485cea50d1cbac27 -> 
  custom:video-encoder-webm-vp8: eb34c28f22e8b96e1ab97ce403110664 -> 
  custom:video-decoder-webm-vp8: 9c59270c3fd7afecdb556c50c9e8de78 -> 
  custom:audio-decoder-ogg-vorbis: bf7c407c2cedff20999df2af8eb42d56 -> 
  custom:audio-encoder-webm-vorbis: bf7c407c2cedff20999df2af8eb42d56 -> 
========================================================================
Received Prepare
Registering precompiled user dll's ...
Registered in 0.003692 seconds.
Begin MonoManager ReloadAssembly
Native extension for WindowsStandalone target not found
Refreshing native plugins compatible for Editor in 0.42 ms, found 3 plugins.
Preloading 0 native plugins for Editor in 0.00 ms.
Mono: successfully reloaded assembly
- Completed reload, in  0.913 seconds
Domain Reload Profiling:
	ReloadAssembly (913ms)
		BeginReloadAssembly (87ms)
			ExecutionOrderSort (0ms)
			DisableScriptedObjects (5ms)
			BackupInstance (0ms)
			ReleaseScriptingObjects (0ms)
			CreateAndSetChildDomain (27ms)
		EndReloadAssembly (771ms)
			LoadAssemblies (70ms)
			RebuildTransferFunctionScriptingTraits (0ms)
			SetupTypeCache (230ms)
			ReleaseScriptCaches (1ms)
			RebuildScriptCaches (35ms)
			SetupLoadedEditorAssemblies (299ms)
				LogAssemblyErrors (0ms)
				InitializePlatformSupportModulesInManaged (4ms)
				SetLoadedEditorAssemblies (0ms)
				RefreshPlugins (0ms)
				BeforeProcessingInitializeOnLoad (76ms)
				ProcessInitializeOnLoadAttributes (207ms)
				ProcessInitializeOnLoadMethodAttributes (4ms)
				AfterProcessingInitializeOnLoad (7ms)
				EditorAssembliesLoaded (0ms)
			ExecutionOrderSort2 (0ms)
			AwakeInstancesAfterBackupRestoration (9ms)
Platform modules already initialized, skipping
Refreshing native plugins compatible for Editor in 0.44 ms, found 3 plugins.
Preloading 0 native plugins for Editor in 0.00 ms.
Unloading 2082 Unused Serialized files (Serialized files now loaded: 0)
System memory in use before: 95.7 MB.
System memory in use after: 95.8 MB.

Unloading 16 unused Assets to reduce memory usage. Loaded Objects now: 2562.
Total: 2.793100 ms (FindLiveObjects: 0.207800 ms CreateObjectMapping: 0.055900 ms MarkObjects: 2.513400 ms  DeleteObjects: 0.014900 ms)

AssetImportParameters requested are different than current active one (requested -> active):
  custom:framework-win-MediaFoundation: 216162199b28c13a410421893ffa2e32 -> 
  custom:video-decoder-ogg-theora: a1e56fd34408186e4bbccfd4996cb3dc -> 
  custom:container-muxer-webm: aa71ff27fc2769a1b78a27578f13a17b -> 
  custom:container-demuxer-webm: 4f35f7cbe854078d1ac9338744f61a02 -> 
  custom:container-demuxer-ogg: 62fdf1f143b41e24485cea50d1cbac27 -> 
  custom:video-encoder-webm-vp8: eb34c28f22e8b96e1ab97ce403110664 -> 
  custom:video-decoder-webm-vp8: 9c59270c3fd7afecdb556c50c9e8de78 -> 
  custom:audio-decoder-ogg-vorbis: bf7c407c2cedff20999df2af8eb42d56 -> 
  custom:audio-encoder-webm-vorbis: bf7c407c2cedff20999df2af8eb42d56 -> 
========================================================================
Received Prepare
Registering precompiled user dll's ...
Registered in 0.003719 seconds.
Begin MonoManager ReloadAssembly
Native extension for WindowsStandalone target not found
Refreshing native plugins compatible for Editor in 0.43 ms, found 3 plugins.
Preloading 0 native plugins for Editor in 0.00 ms.
Mono: successfully reloaded assembly
- Completed reload, in  0.858 seconds
Domain Reload Profiling:
	ReloadAssembly (858ms)
		BeginReloadAssembly (86ms)
			ExecutionOrderSort (0ms)
			DisableScriptedObjects (5ms)
			BackupInstance (0ms)
			ReleaseScriptingObjects (0ms)
			CreateAndSetChildDomain (26ms)
		EndReloadAssembly (716ms)
			LoadAssemblies (69ms)
			RebuildTransferFunctionScriptingTraits (0ms)
			SetupTypeCache (229ms)
			ReleaseScriptCaches (1ms)
			RebuildScriptCaches (35ms)
			SetupLoadedEditorAssemblies (295ms)
				LogAssemblyErrors (0ms)
				InitializePlatformSupportModulesInManaged (4ms)
				SetLoadedEditorAssemblies (0ms)
				RefreshPlugins (0ms)
				BeforeProcessingInitializeOnLoad (77ms)
				ProcessInitializeOnLoadAttributes (202ms)
				ProcessInitializeOnLoadMethodAttributes (4ms)
				AfterProcessingInitializeOnLoad (6ms)
				EditorAssembliesLoaded (0ms)
			ExecutionOrderSort2 (0ms)
			AwakeInstancesAfterBackupRestoration (8ms)
Platform modules already initialized, skipping
Refreshing native plugins compatible for Editor in 0.43 ms, found 3 plugins.
Preloading 0 native plugins for Editor in 0.00 ms.
Unloading 2082 Unused Serialized files (Serialized files now loaded: 0)
System memory in use before: 95.7 MB.
System memory in use after: 95.8 MB.

Unloading 16 unused Assets to reduce memory usage. Loaded Objects now: 2565.
Total: 2.789300 ms (FindLiveObjects: 0.180300 ms CreateObjectMapping: 0.054800 ms MarkObjects: 2.538500 ms  DeleteObjects: 0.014700 ms)

AssetImportParameters requested are different than current active one (requested -> active):
  custom:framework-win-MediaFoundation: 216162199b28c13a410421893ffa2e32 -> 
  custom:video-decoder-ogg-theora: a1e56fd34408186e4bbccfd4996cb3dc -> 
  custom:container-muxer-webm: aa71ff27fc2769a1b78a27578f13a17b -> 
  custom:container-demuxer-webm: 4f35f7cbe854078d1ac9338744f61a02 -> 
  custom:container-demuxer-ogg: 62fdf1f143b41e24485cea50d1cbac27 -> 
  custom:video-encoder-webm-vp8: eb34c28f22e8b96e1ab97ce403110664 -> 
  custom:video-decoder-webm-vp8: 9c59270c3fd7afecdb556c50c9e8de78 -> 
  custom:audio-decoder-ogg-vorbis: bf7c407c2cedff20999df2af8eb42d56 -> 
  custom:audio-encoder-webm-vorbis: bf7c407c2cedff20999df2af8eb42d56 -> 
========================================================================
Received Import Request.
  Time since last request: 413.826812 seconds.
  path: Assets/Scripts/CatController.cs
  artifactKey: Guid(36bccad128a914a429a579c60c6bf0d2) Importer(815301076,1909f56bfc062723c751e8b465ee728b)
Start importing Assets/Scripts/CatController.cs using Guid(36bccad128a914a429a579c60c6bf0d2) Importer(815301076,1909f56bfc062723c751e8b465ee728b)  -> (artifact id: '873e59c3a04896508b291573d41f536c') in 0.004429 seconds 
  Import took 0.007429 seconds .

========================================================================
Received Import Request.
  Time since last request: 0.063066 seconds.
  path: Assets/Scripts/CatController.cs
  artifactKey: Guid(36bccad128a914a429a579c60c6bf0d2) Importer(815301076,1909f56bfc062723c751e8b465ee728b)
Start importing Assets/Scripts/CatController.cs using Guid(36bccad128a914a429a579c60c6bf0d2) Importer(815301076,1909f56bfc062723c751e8b465ee728b)  -> (artifact id: '873e59c3a04896508b291573d41f536c') in 0.002262 seconds 
  Import took 0.005717 seconds .

========================================================================
Received Prepare
Registering precompiled user dll's ...
Registered in 0.003714 seconds.
Begin MonoManager ReloadAssembly
Native extension for WindowsStandalone target not found
Refreshing native plugins compatible for Editor in 0.43 ms, found 3 plugins.
Preloading 0 native plugins for Editor in 0.00 ms.
Mono: successfully reloaded assembly
- Completed reload, in  0.860 seconds
Domain Reload Profiling:
	ReloadAssembly (860ms)
		BeginReloadAssembly (86ms)
			ExecutionOrderSort (0ms)
			DisableScriptedObjects (5ms)
			BackupInstance (0ms)
			ReleaseScriptingObjects (0ms)
			CreateAndSetChildDomain (27ms)
		EndReloadAssembly (718ms)
			LoadAssemblies (69ms)
			RebuildTransferFunctionScriptingTraits (0ms)
			SetupTypeCache (219ms)
			ReleaseScriptCaches (1ms)
			RebuildScriptCaches (35ms)
			SetupLoadedEditorAssemblies (308ms)
				LogAssemblyErrors (0ms)
				InitializePlatformSupportModulesInManaged (4ms)
				SetLoadedEditorAssemblies (0ms)
				RefreshPlugins (0ms)
				BeforeProcessingInitializeOnLoad (76ms)
				ProcessInitializeOnLoadAttributes (216ms)
				ProcessInitializeOnLoadMethodAttributes (4ms)
				AfterProcessingInitializeOnLoad (6ms)
				EditorAssembliesLoaded (0ms)
			ExecutionOrderSort2 (0ms)
			AwakeInstancesAfterBackupRestoration (8ms)
Platform modules already initialized, skipping
Refreshing native plugins compatible for Editor in 0.42 ms, found 3 plugins.
Preloading 0 native plugins for Editor in 0.00 ms.
Unloading 2082 Unused Serialized files (Serialized files now loaded: 0)
System memory in use before: 95.7 MB.
System memory in use after: 95.8 MB.

Unloading 16 unused Assets to reduce memory usage. Loaded Objects now: 2568.
Total: 2.539800 ms (FindLiveObjects: 0.173200 ms CreateObjectMapping: 0.042000 ms MarkObjects: 2.309200 ms  DeleteObjects: 0.014500 ms)

AssetImportParameters requested are different than current active one (requested -> active):
  custom:framework-win-MediaFoundation: 216162199b28c13a410421893ffa2e32 -> 
  custom:video-decoder-ogg-theora: a1e56fd34408186e4bbccfd4996cb3dc -> 
  custom:container-muxer-webm: aa71ff27fc2769a1b78a27578f13a17b -> 
  custom:container-demuxer-webm: 4f35f7cbe854078d1ac9338744f61a02 -> 
  custom:container-demuxer-ogg: 62fdf1f143b41e24485cea50d1cbac27 -> 
  custom:video-encoder-webm-vp8: eb34c28f22e8b96e1ab97ce403110664 -> 
  custom:video-decoder-webm-vp8: 9c59270c3fd7afecdb556c50c9e8de78 -> 
  custom:audio-decoder-ogg-vorbis: bf7c407c2cedff20999df2af8eb42d56 -> 
  custom:audio-encoder-webm-vorbis: bf7c407c2cedff20999df2af8eb42d56 -> 
========================================================================
Received Prepare
Refreshing native plugins compatible for Editor in 3.51 ms, found 3 plugins.
Preloading 0 native plugins for Editor in 0.00 ms.
Unloading 14 Unused Serialized files (Serialized files now loaded: 0)
System memory in use before: 54.9 MB.
System memory in use after: 55.0 MB.

Unloading 14 unused Assets to reduce memory usage. Loaded Objects now: 2568.
Total: 2.726100 ms (FindLiveObjects: 0.199300 ms CreateObjectMapping: 0.047600 ms MarkObjects: 2.465200 ms  DeleteObjects: 0.013100 ms)

AssetImportParameters requested are different than current active one (requested -> active):
  custom:framework-win-MediaFoundation: 216162199b28c13a410421893ffa2e32 -> 
  custom:video-decoder-ogg-theora: a1e56fd34408186e4bbccfd4996cb3dc -> 
  custom:container-muxer-webm: aa71ff27fc2769a1b78a27578f13a17b -> 
  custom:container-demuxer-webm: 4f35f7cbe854078d1ac9338744f61a02 -> 
  custom:container-demuxer-ogg: 62fdf1f143b41e24485cea50d1cbac27 -> 
  custom:video-encoder-webm-vp8: eb34c28f22e8b96e1ab97ce403110664 -> 
  custom:video-decoder-webm-vp8: 9c59270c3fd7afecdb556c50c9e8de78 -> 
  custom:audio-decoder-ogg-vorbis: bf7c407c2cedff20999df2af8eb42d56 -> 
  custom:audio-encoder-webm-vorbis: bf7c407c2cedff20999df2af8eb42d56 -> 
AssetImportWorkerClient::OnTransportError - code=2 error=End of file
